<?xml version="1.0" encoding="UTF-8"?>
<testsuite xmlns:xsi="http://www.w3.org/2001/XMLSchema-instance" xsi:noNamespaceSchemaLocation="https://maven.apache.org/surefire/maven-surefire-plugin/xsd/surefire-test-report.xsd" name="kg.gov.nas.licensedb.service.IntegrityCheckpointAuditIT" time="0.11" tests="2" errors="0" skipped="0" failures="0">
  <testcase name="whenIntegrityDisabled_noAuditRowsAreCreated" classname="kg.gov.nas.licensedb.service.IntegrityCheckpointAuditIT" time="0.018"/>
  <testcase name="checkpointTrail_createsEventRows_andCheckpointEveryK" classname="kg.gov.nas.licensedb.service.IntegrityCheckpointAuditIT" time="0.09"/>
</testsuite>